Arguments: 
  C:\Program Files\nodejs\node.exe C:\Program Files (x86)\Yarn\bin\yarn.js publish

PATH: 
  C:\Python310\Scripts\;C:\Python310\;C:\Program Files\Common Files\Oracle\Java\javapath;C:\Python27\;C:\Python27\Scripts;C:\ProgramData\Oracle\Java\javapath;C:\WINDOWS\system32;C:\WINDOWS;C:\WINDOWS\System32\Wbem;C:\WINDOWS\System32\WindowsPowerShell\v1.0\;C:\ProgramData\ComposerSetup\bin;c:\xampp\php;C:\Program Files\Common Files\Autodesk Shared\;C:\Program Files\PuTTY\;C:\Program Files (x86)\GtkSharp\2.12\bin;C:\WINDOWS\System32\OpenSSH\;C:\Program Files\Microsoft SQL Server\120\Tools\Binn\;C:\Program Files (x86)\Microsoft SQL Server\Client SDK\ODBC\130\Tools\Binn\;C:\Program Files (x86)\Microsoft SQL Server\140\Tools\Binn\;C:\Program Files (x86)\Microsoft SQL Server\140\DTS\Binn\;C:\Program Files (x86)\Microsoft SQL Server\140\Tools\Binn\ManagementStudio\;C:\Program Files\Microsoft SQL Server Migration Assistant for MySQL\bin\;C:\Program Files (x86)\NVIDIA Corporation\PhysX\Common;C:\Program Files\NVIDIA Corporation\NVIDIA NvDLISR;C:\Program Files (x86)\Yarn\bin\;C:\Program Files\Git\cmd;C:\WINDOWS\system32;C:\WINDOWS;C:\WINDOWS\System32\Wbem;C:\WINDOWS\System32\WindowsPowerShell\v1.0\;C:\WINDOWS\System32\OpenSSH\;C:\ProgramData\chocolatey\bin;C:\Program Files\Java\jdk1.8.0_211\bin;C:\Users\bkamp\AppData\Local\Android\Sdk\platform-tools;C:\Program Files\nodejs\;C:\Users\bkamp\AppData\Local\Microsoft\WindowsApps;C:\Users\bkamp\AppData\Roaming\Composer\vendor\bin;C:\Users\bkamp\AppData\Local\GitHubDesktop\bin;C:\Users\bkamp\AppData\Local\Microsoft\WindowsApps;C:\Users\bkamp\AppData\Local\Programs\Microsoft VS Code\bin;C:\Users\bkamp\AppData\Local\Yarn\bin;C:\Program Files\Maven\bin;C:\Android\tools\bin\platform-tools;D:\Program Files (x86)\Nmap;C:\Users\bkamp\AppData\Roaming\npm;

Yarn version: 
  1.16.0

Node version: 
  17.3.0

Platform: 
  win32 x64

Trace: 
  Error: canceled
      at Interface.<anonymous> (C:\Program Files (x86)\Yarn\lib\cli.js:125850:13)
      at Interface.emit (node:events:390:28)
      at Interface.[_ttyWrite] [as _ttyWrite] (node:internal/readline/interface:973:18)
      at ReadStream.onkeypress (node:internal/readline/interface:240:20)
      at ReadStream.emit (node:events:390:28)
      at emitKeys (node:internal/readline/utils:358:14)
      at emitKeys.next (<anonymous>)
      at ReadStream.onData (node:internal/readline/emitKeypressEvents:64:36)
      at ReadStream.emit (node:events:390:28)
      at addChunk (node:internal/streams/readable:324:12)

npm manifest: 
  {
    "name": "html_2_json",
    "version": "1.0.0",
    "description": "Class to convert HTML to JSON",
    "main": "HtmlToJson.mjs",
    "scripts": {
      "test": "echo \"Error: no test specified\" && exit 1"
    },
    "repository": {
      "type": "git",
      "url": "git+https://github.com/tubbybtch/HtmlToJson.git"
    },
    "keywords": [
      "HTML",
      "JSON"
    ],
    "author": "Brian A. Kamp",
    "license": "MIT",
    "bugs": {
      "url": "https://github.com/tubbybtch/HtmlToJson/issues"
    },
    "dependencies": {
  	  "cheerio": "^1.0.0"
    },
    "homepage": "https://github.com/tubbybtch/HtmlToJson#readme"
  }

yarn manifest: 
  No manifest

Lockfile: 
  No lockfile
